<?xml version="1.0" encoding="UTF-8"?>
<!-- Generated by org.testng.reporters.JUnitReportReporter -->
<testsuite hostname="userjudi-PC" name="Tests.AppTest" tests="1" failures="0" timestamp="4 Mar 2017 19:10:34 GMT" time="9.469" errors="0">
  <testcase name="buyProduct" time="9.469" classname="Tests.AppTest"/>
</testsuite> <!-- Tests.AppTest -->
