<?xml version="1.0" encoding="UTF-8"?>
<!-- Generated by org.testng.reporters.JUnitReportReporter -->
<testsuite hostname="userjudi-PC" name="Tests.AppTest" tests="5" failures="0" timestamp="3 Mar 2017 21:28:40 GMT" time="5.282" errors="0">
  <testcase name="buyProduct" time="1.398" classname="Tests.AppTest"/>
  <testcase name="selectProduct" time="1.315" classname="Tests.AppTest"/>
  <testcase name="searchProductInStore" time="0.132" classname="Tests.AppTest"/>
  <testcase name="initSession" time="2.344" classname="Tests.AppTest"/>
  <testcase name="goToLogin" time="0.093" classname="Tests.AppTest"/>
</testsuite> <!-- Tests.AppTest -->
